Log file open, 06/13/18 22:01:35
LogWindows: Failed to load 'aqProf.dll' (GetLastError=126)
LogWindows: File 'aqProf.dll' does not exist
LogWindows: Failed to load 'VtuneApi.dll' (GetLastError=126)
LogWindows: File 'VtuneApi.dll' does not exist
LogWindows: Failed to load 'VtuneApi32e.dll' (GetLastError=126)
LogWindows: File 'VtuneApi32e.dll' does not exist
LogInit: Display: Running engine for game: RunGame_YoonEunSik
LogPlatformFile: Not using cached read wrapper
LogInit: Display: RandInit(-69337916) SRandInit(-69337916).
LogInit: Read version file with build ID '3944462'
LogInit: Overriding engine version to CL 4033788, compatible CL 3944462
LogInit: Registered custom module enumerator with build ID '3944462'
LogTaskGraph: Started task graph with 5 named threads and 23 total threads with 3 sets of task threads.
LogStats: Stats thread started at 0.616468
LogD3D11RHI: Aftermath initialized
LogICUInternationalization: Display: ICU TimeZone Detection - Raw Offset: +9:00, Platform Override: ''
LogModuleManager: Display: Found up-to-date module file ../../../Engine/Plugins/2D/Paper2D/Binaries/Win64/UE4Editor-Paper2D.dll (API version 3944462).
LogModuleManager: Display: Found up-to-date module file ../../../Engine/Plugins/2D/Paper2D/Binaries/Win64/UE4Editor-Paper2DEditor.dll (API version 3944462).
LogModuleManager: Display: Found up-to-date module file ../../../Engine/Plugins/2D/Paper2D/Binaries/Win64/UE4Editor-PaperSpriteSheetImporter.dll (API version 3944462).
LogModuleManager: Display: Found up-to-date module file ../../../Engine/Plugins/2D/Paper2D/Binaries/Win64/UE4Editor-PaperTiledImporter.dll (API version 3944462).
LogModuleManager: Display: Found up-to-date module file ../../../Engine/Plugins/2D/Paper2D/Binaries/Win64/UE4Editor-SmartSnapping.dll (API version 3944462).
LogModuleManager: Display: Found up-to-date module file ../../../Engine/Plugins/Blendables/LightPropagationVolume/Binaries/Win64/UE4Editor-LightPropagationVolumeRuntime.dll (API version 3944462).
LogModuleManager: Display: Found up-to-date module file ../../../Engine/Plugins/Blendables/LightPropagationVolume/Binaries/Win64/UE4Editor-LightPropagationVolumeEditor.dll (API version 3944462).
LogModuleManager: Display: Found up-to-date module file ../../../Engine/Plugins/Developer/CLionSourceCodeAccess/Binaries/Win64/UE4Editor-CLionSourceCodeAccess.dll (API version 3944462).
LogModuleManager: Display: Found up-to-date module file ../../../Engine/Plugins/Developer/GitSourceControl/Binaries/Win64/UE4Editor-GitSourceControl.dll (API version 3944462).
LogModuleManager: Display: Found up-to-date module file ../../../Engine/Plugins/Developer/PerforceSourceControl/Binaries/Win64/UE4Editor-PerforceSourceControl.dll (API version 3944462).
LogModuleManager: Display: Found up-to-date module file ../../../Engine/Plugins/Developer/SubversionSourceControl/Binaries/Win64/UE4Editor-SubversionSourceControl.dll (API version 3944462).
LogModuleManager: Display: Found up-to-date module file ../../../Engine/Plugins/Developer/UObjectPlugin/Binaries/Win64/UE4Editor-UObjectPlugin.dll (API version 3944462).
LogModuleManager: Display: Found up-to-date module file ../../../Engine/Plugins/Developer/VisualStudioCodeSourceCodeAccess/Binaries/Win64/UE4Editor-VisualStudioCodeSourceCodeAccess.dll (API version 3944462).
LogModuleManager: Display: Found up-to-date module file ../../../Engine/Plugins/Developer/VisualStudioSourceCodeAccess/Binaries/Win64/UE4Editor-VisualStudioSourceCodeAccess.dll (API version 3944462).
LogModuleManager: Display: Found up-to-date module file ../../../Engine/Plugins/Editor/AssetManagerEditor/Binaries/Win64/UE4Editor-AssetManagerEditor.dll (API version 3944462).
LogModuleManager: Display: Found up-to-date module file ../../../Engine/Plugins/Editor/CryptoKeys/Binaries/Win64/UE4Editor-CryptoKeys.dll (API version 3944462).
LogModuleManager: Display: Found up-to-date module file ../../../Engine/Plugins/Editor/CryptoKeys/Binaries/Win64/UE4Editor-CryptoKeysOpenSSL.dll (API version 3944462).
LogModuleManager: Display: Found up-to-date module file ../../../Engine/Plugins/Editor/DataValidation/Binaries/Win64/UE4Editor-DataValidation.dll (API version 3944462).
LogModuleManager: Display: Found up-to-date module file ../../../Engine/Plugins/Editor/FacialAnimation/Binaries/Win64/UE4Editor-FacialAnimation.dll (API version 3944462).
LogModuleManager: Display: Found up-to-date module file ../../../Engine/Plugins/Editor/FacialAnimation/Binaries/Win64/UE4Editor-FacialAnimationEditor.dll (API version 3944462).
LogModuleManager: Display: Found up-to-date module file ../../../Engine/Plugins/Editor/GameplayTagsEditor/Binaries/Win64/UE4Editor-GameplayTagsEditor.dll (API version 3944462).
LogModuleManager: Display: Found up-to-date module file ../../../Engine/Plugins/Editor/MobileLauncherProfileWizard/Binaries/Win64/UE4Editor-MobileLauncherProfileWizard.dll (API version 3944462).
LogModuleManager: Display: Found up-to-date module file ../../../Engine/Plugins/Editor/PluginBrowser/Binaries/Win64/UE4Editor-PluginBrowser.dll (API version 3944462).
LogModuleManager: Display: Found up-to-date module file ../../../Engine/Plugins/Editor/SpeedTreeImporter/Binaries/Win64/UE4Editor-SpeedTreeImporter.dll (API version 3944462).
LogModuleManager: Display: Found up-to-date module file ../../../Engine/Plugins/Enterprise/DatasmithContent/Binaries/Win64/UE4Editor-DatasmithContent.dll (API version 3944462).
LogModuleManager: Display: Found up-to-date module file ../../../Engine/Plugins/Experimental/AlembicImporter/Binaries/Win64/UE4Editor-AlembicImporter.dll (API version 3944462).
LogModuleManager: Display: Found up-to-date module file ../../../Engine/Plugins/Experimental/AlembicImporter/Binaries/Win64/UE4Editor-AlembicLibrary.dll (API version 3944462).
LogModuleManager: Display: Found up-to-date module file ../../../Engine/Plugins/Experimental/CharacterAI/Binaries/Win64/UE4Editor-CharacterAI.dll (API version 3944462).
LogModuleManager: Display: Found up-to-date module file ../../../Engine/Plugins/Experimental/HTML5Networking/Binaries/Win64/UE4Editor-HTML5Networking.dll (API version 3944462).
LogModuleManager: Display: Found up-to-date module file ../../../Engine/Plugins/Media/AndroidMedia/Binaries/Win64/UE4Editor-AndroidMediaEditor.dll (API version 3944462).
LogModuleManager: Display: Found up-to-date module file ../../../Engine/Plugins/Media/AndroidMedia/Binaries/Win64/UE4Editor-AndroidMediaFactory.dll (API version 3944462).
LogModuleManager: Display: Found up-to-date module file ../../../Engine/Plugins/Media/AvfMedia/Binaries/Win64/UE4Editor-AvfMediaEditor.dll (API version 3944462).
LogModuleManager: Display: Found up-to-date module file ../../../Engine/Plugins/Media/AvfMedia/Binaries/Win64/UE4Editor-AvfMediaFactory.dll (API version 3944462).
LogModuleManager: Display: Found up-to-date module file ../../../Engine/Plugins/Media/AvfMedia/Binaries/Win64/UE4Editor-AvfMediaFactory.dll (API version 3944462).
LogModuleManager: Display: Found up-to-date module file ../../../Engine/Plugins/Media/ImgMedia/Binaries/Win64/UE4Editor-ImgMedia.dll (API version 3944462).
LogModuleManager: Display: Found up-to-date module file ../../../Engine/Plugins/Media/ImgMedia/Binaries/Win64/UE4Editor-ImgMediaEditor.dll (API version 3944462).
LogModuleManager: Display: Found up-to-date module file ../../../Engine/Plugins/Media/ImgMedia/Binaries/Win64/UE4Editor-ImgMediaFactory.dll (API version 3944462).
LogModuleManager: Display: Found up-to-date module file ../../../Engine/Plugins/Media/ImgMedia/Binaries/Win64/UE4Editor-ImgMediaFactory.dll (API version 3944462).
LogModuleManager: Display: Found up-to-date module file ../../../Engine/Plugins/Media/ImgMedia/Binaries/Win64/UE4Editor-OpenExrWrapper.dll (API version 3944462).
LogModuleManager: Display: Found up-to-date module file ../../../Engine/Plugins/Media/LinearTimecode/Binaries/Win64/UE4Editor-LinearTimecode.dll (API version 3944462).
LogModuleManager: Display: Found up-to-date module file ../../../Engine/Plugins/Media/MediaCompositing/Binaries/Win64/UE4Editor-MediaCompositing.dll (API version 3944462).
LogModuleManager: Display: Found up-to-date module file ../../../Engine/Plugins/Media/MediaCompositing/Binaries/Win64/UE4Editor-MediaCompositingEditor.dll (API version 3944462).
LogModuleManager: Display: Found up-to-date module file ../../../Engine/Plugins/Media/MediaPlayerEditor/Binaries/Win64/UE4Editor-MediaPlayerEditor.dll (API version 3944462).
LogModuleManager: Display: Found up-to-date module file ../../../Engine/Plugins/Media/WmfMedia/Binaries/Win64/UE4Editor-WmfMedia.dll (API version 3944462).
LogModuleManager: Display: Found up-to-date module file ../../../Engine/Plugins/Media/WmfMedia/Binaries/Win64/UE4Editor-WmfMediaEditor.dll (API version 3944462).
LogModuleManager: Display: Found up-to-date module file ../../../Engine/Plugins/Media/WmfMedia/Binaries/Win64/UE4Editor-WmfMediaFactory.dll (API version 3944462).
LogModuleManager: Display: Found up-to-date module file ../../../Engine/Plugins/Media/WmfMedia/Binaries/Win64/UE4Editor-WmfMediaFactory.dll (API version 3944462).
LogModuleManager: Display: Found up-to-date module file ../../../Engine/Plugins/Messaging/TcpMessaging/Binaries/Win64/UE4Editor-TcpMessaging.dll (API version 3944462).
LogModuleManager: Display: Found up-to-date module file ../../../Engine/Plugins/Messaging/UdpMessaging/Binaries/Win64/UE4Editor-UdpMessaging.dll (API version 3944462).
LogModuleManager: Display: Found up-to-date module file ../../../Engine/Plugins/MovieScene/ActorSequence/Binaries/Win64/UE4Editor-ActorSequence.dll (API version 3944462).
LogModuleManager: Display: Found up-to-date module file ../../../Engine/Plugins/MovieScene/LevelSequenceEditor/Binaries/Win64/UE4Editor-LevelSequenceEditor.dll (API version 3944462).
LogModuleManager: Display: Found up-to-date module file ../../../Engine/Plugins/MovieScene/MatineeToLevelSequence/Binaries/Win64/UE4Editor-MatineeToLevelSequence.dll (API version 3944462).
LogModuleManager: Display: Found up-to-date module file ../../../Engine/Plugins/NetcodeUnitTest/NetcodeUnitTest/Binaries/Win64/UE4Editor-NetcodeUnitTest.dll (API version 3944462).
LogModuleManager: Display: Found up-to-date module file ../../../Engine/Plugins/NetcodeUnitTest/NUTUnrealEngine4/Binaries/Win64/UE4Editor-NUTUnrealEngine4.dll (API version 3944462).
LogModuleManager: Display: Found up-to-date module file ../../../Engine/Plugins/Online/OnlineSubsystem/Binaries/Win64/UE4Editor-OnlineSubsystem.dll (API version 3944462).
LogModuleManager: Display: Found up-to-date module file ../../../Engine/Plugins/Runtime/AndroidPermission/Binaries/Win64/UE4Editor-AndroidPermission.dll (API version 3944462).
LogModuleManager: Display: Found up-to-date module file ../../../Engine/Plugins/Online/OnlineSubsystemNull/Binaries/Win64/UE4Editor-OnlineSubsystemNull.dll (API version 3944462).
LogModuleManager: Display: Found up-to-date module file ../../../Engine/Plugins/Online/OnlineSubsystemUtils/Binaries/Win64/UE4Editor-OnlineSubsystemUtils.dll (API version 3944462).
LogModuleManager: Display: Found up-to-date module file ../../../Engine/Plugins/Online/OnlineSubsystemUtils/Binaries/Win64/UE4Editor-OnlineBlueprintSupport.dll (API version 3944462).
LogModuleManager: Display: Found up-to-date module file ../../../Engine/Plugins/Runtime/AndroidDeviceProfileSelector/Binaries/Win64/UE4Editor-AndroidDeviceProfileSelector.dll (API version 3944462).
LogModuleManager: Display: Found up-to-date module file ../../../Engine/Plugins/Runtime/AppleARKit/Binaries/Win64/UE4Editor-AppleARKit.dll (API version 3944462).
LogModuleManager: Display: Found up-to-date module file ../../../Engine/Plugins/Runtime/ProceduralMeshComponent/Binaries/Win64/UE4Editor-ProceduralMeshComponent.dll (API version 3944462).
LogModuleManager: Display: Found up-to-date module file ../../../Engine/Plugins/Runtime/ProceduralMeshComponent/Binaries/Win64/UE4Editor-ProceduralMeshComponentEditor.dll (API version 3944462).
LogModuleManager: Display: Found up-to-date module file ../../../Engine/Plugins/Animation/LiveLink/Binaries/Win64/UE4Editor-LiveLink.dll (API version 3944462).
LogModuleManager: Display: Found up-to-date module file ../../../Engine/Plugins/Animation/LiveLink/Binaries/Win64/UE4Editor-LiveLinkEditor.dll (API version 3944462).
LogModuleManager: Display: Found up-to-date module file ../../../Engine/Plugins/Runtime/ArchVisCharacter/Binaries/Win64/UE4Editor-ArchVisCharacter.dll (API version 3944462).
LogModuleManager: Display: Found up-to-date module file ../../../Engine/Plugins/Runtime/AudioCapture/Binaries/Win64/UE4Editor-AudioCapture.dll (API version 3944462).
LogModuleManager: Display: Found up-to-date module file ../../../Engine/Plugins/Runtime/AudioCapture/Binaries/Win64/UE4Editor-AudioCaptureEditor.dll (API version 3944462).
LogModuleManager: Display: Found up-to-date module file ../../../Engine/Plugins/Runtime/CableComponent/Binaries/Win64/UE4Editor-CableComponent.dll (API version 3944462).
LogModuleManager: Display: Found up-to-date module file ../../../Engine/Plugins/Runtime/CustomMeshComponent/Binaries/Win64/UE4Editor-CustomMeshComponent.dll (API version 3944462).
LogModuleManager: Display: Found up-to-date module file ../../../Engine/Plugins/Runtime/ExampleDeviceProfileSelector/Binaries/Win64/UE4Editor-ExampleDeviceProfileSelector.dll (API version 3944462).
LogModuleManager: Display: Found up-to-date module file ../../../Engine/Plugins/Runtime/ImmediatePhysics/Binaries/Win64/UE4Editor-ImmediatePhysics.dll (API version 3944462).
LogModuleManager: Display: Found up-to-date module file ../../../Engine/Plugins/Runtime/ImmediatePhysics/Binaries/Win64/UE4Editor-ImmediatePhysicsEditor.dll (API version 3944462).
LogModuleManager: Display: Found up-to-date module file ../../../Engine/Plugins/Runtime/LocationServicesBPLibrary/Binaries/Win64/UE4Editor-LocationServicesBPLibrary.dll (API version 3944462).
LogModuleManager: Display: Found up-to-date module file ../../../Engine/Plugins/Runtime/MobilePatchingUtils/Binaries/Win64/UE4Editor-MobilePatchingUtils.dll (API version 3944462).
LogModuleManager: Display: Found up-to-date module file ../../../Engine/Plugins/Runtime/Oculus/OculusVR/Binaries/Win64/UE4Editor-OculusHMD.dll (API version 3944462).
LogModuleManager: Display: Found up-to-date module file ../../../Engine/Plugins/Runtime/Oculus/OculusVR/Binaries/Win64/UE4Editor-OculusInput.dll (API version 3944462).
LogModuleManager: Display: Found up-to-date module file ../../../Engine/Plugins/Runtime/Oculus/OculusVR/Binaries/Win64/UE4Editor-OculusEditor.dll (API version 3944462).
LogModuleManager: Display: Found up-to-date module file ../../../Engine/Plugins/Runtime/PhysXVehicles/Binaries/Win64/UE4Editor-PhysXVehicles.dll (API version 3944462).
LogModuleManager: Display: Found up-to-date module file ../../../Engine/Plugins/Runtime/PhysXVehicles/Binaries/Win64/UE4Editor-PhysXVehiclesEditor.dll (API version 3944462).
LogModuleManager: Display: Found up-to-date module file ../../../Engine/Plugins/Runtime/RuntimePhysXCooking/Binaries/Win64/UE4Editor-RuntimePhysXCooking.dll (API version 3944462).
LogModuleManager: Display: Found up-to-date module file ../../../Engine/Plugins/Runtime/Steam/SteamVR/Binaries/Win64/UE4Editor-SteamVR.dll (API version 3944462).
LogModuleManager: Display: Found up-to-date module file ../../../Engine/Plugins/Runtime/Steam/SteamVR/Binaries/Win64/UE4Editor-SteamVRController.dll (API version 3944462).
LogModuleManager: Display: Found up-to-date module file ../../../Engine/Plugins/Runtime/WindowsMoviePlayer/Binaries/Win64/UE4Editor-WindowsMoviePlayer.dll (API version 3944462).
LogPluginManager: Mounting plugin Paper2D
LogPluginManager: Mounting plugin LiveLink
LogPluginManager: Mounting plugin LightPropagationVolume
LogPluginManager: Mounting plugin CLionSourceCodeAccess
LogPluginManager: Mounting plugin CodeLiteSourceCodeAccess
LogPluginManager: Mounting plugin GitSourceControl
LogPluginManager: Mounting plugin KDevelopSourceCodeAccess
LogPluginManager: Mounting plugin NullSourceCodeAccess
LogPluginManager: Mounting plugin PerforceSourceControl
LogPluginManager: Mounting plugin SubversionSourceControl
LogPluginManager: Mounting plugin UObjectPlugin
LogPluginManager: Mounting plugin VisualStudioCodeSourceCodeAccess
LogPluginManager: Mounting plugin VisualStudioSourceCodeAccess
LogPluginManager: Mounting plugin XCodeSourceCodeAccess
LogPluginManager: Mounting plugin AssetManagerEditor
LogPluginManager: Mounting plugin CryptoKeys
LogPluginManager: Mounting plugin DataValidation
LogPluginManager: Mounting plugin FacialAnimation
LogPluginManager: Mounting plugin GameplayTagsEditor
LogPluginManager: Mounting plugin MobileLauncherProfileWizard
LogPluginManager: Mounting plugin PluginBrowser
LogPluginManager: Mounting plugin SpeedTreeImporter
LogPluginManager: Mounting plugin DatasmithContent
LogPluginManager: Mounting plugin AlembicImporter
LogPluginManager: Mounting plugin CharacterAI
LogPluginManager: Mounting plugin HTML5Networking
LogPluginManager: Mounting plugin AndroidMedia
LogPluginManager: Mounting plugin AvfMedia
LogPluginManager: Mounting plugin ImgMedia
LogPluginManager: Mounting plugin LinearTimecode
LogPluginManager: Mounting plugin MediaCompositing
LogPluginManager: Mounting plugin MediaPlayerEditor
LogPluginManager: Mounting plugin WmfMedia
LogPluginManager: Mounting plugin TcpMessaging
LogPluginManager: Mounting plugin UdpMessaging
LogPluginManager: Mounting plugin ActorSequence
LogPluginManager: Mounting plugin LevelSequenceEditor
LogPluginManager: Mounting plugin MatineeToLevelSequence
LogPluginManager: Mounting plugin NetcodeUnitTest
LogPluginManager: Mounting plugin NUTUnrealEngine4
LogPluginManager: Mounting plugin OnlineSubsystemGooglePlay
LogPluginManager: Mounting plugin OnlineSubsystemIOS
LogPluginManager: Mounting plugin OnlineSubsystem
LogPluginManager: Mounting plugin OnlineSubsystemNull
LogPluginManager: Mounting plugin OnlineSubsystemUtils
LogPluginManager: Mounting plugin AndroidDeviceProfileSelector
LogPluginManager: Mounting plugin AndroidMoviePlayer
LogPluginManager: Mounting plugin AndroidPermission
LogPluginManager: Mounting plugin AppleARKit
LogPluginManager: Mounting plugin AppleMoviePlayer
LogPluginManager: Mounting plugin ArchVisCharacter
LogPluginManager: Mounting plugin AudioCapture
LogPluginManager: Mounting plugin CableComponent
LogPluginManager: Mounting plugin CustomMeshComponent
LogPluginManager: Mounting plugin ExampleDeviceProfileSelector
LogPluginManager: Mounting plugin GoogleCloudMessaging
LogPluginManager: Mounting plugin ImmediatePhysics
LogPluginManager: Mounting plugin IOSDeviceProfileSelector
LogPluginManager: Mounting plugin LinuxDeviceProfileSelector
LogPluginManager: Mounting plugin LocationServicesBPLibrary
LogPluginManager: Mounting plugin MobilePatchingUtils
LogPluginManager: Mounting plugin OculusVR
LogPluginManager: Plugin shader directory ../../../Engine/Plugins/Runtime/Oculus/OculusVR/Shaders found
LogPluginManager: Mapping shader source directory ../../../Engine/Plugins/Runtime/Oculus/OculusVR/Shaders to virtual directory /Plugin/OculusVR
LogPluginManager: Mounting plugin PhysXVehicles
LogPluginManager: Mounting plugin ProceduralMeshComponent
LogPluginManager: Mounting plugin RuntimePhysXCooking
LogPluginManager: Mounting plugin SteamVR
LogPluginManager: Mounting plugin WindowsMoviePlayer
LogStreaming: Display: Took  2.059s to configure plugins.
LogInit: Using libcurl 7.47.1
LogInit:  - built for x86_64-pc-win32
LogInit:  - supports SSL with OpenSSL/1.0.2g
LogInit:  - supports HTTP deflate (compression) using libz 1.2.8
LogInit:  - other features:
LogInit:      CURL_VERSION_SSL
LogInit:      CURL_VERSION_LIBZ
LogInit:      CURL_VERSION_IPV6
LogInit:      CURL_VERSION_ASYNCHDNS
LogInit:      CURL_VERSION_LARGEFILE
LogInit:      CURL_VERSION_IDN
LogInit:  CurlRequestOptions (configurable via config and command line):
LogInit:  - bVerifyPeer = false  - Libcurl will NOT verify peer certificate
LogInit:  - bUseHttpProxy = false  - Libcurl will NOT use HTTP proxy
LogInit:  - bDontReuseConnections = false  - Libcurl will reuse connections
LogInit:  - CertBundlePath = nullptr  - Libcurl will use whatever was configured at build time.
LogInit:  - MaxHostConnections = 16  - Libcurl will limit the number of connections to a host
LogInit:  - LocalHostAddr = Default
LogInit: WinSock: version 1.1 (2.2), MaxSocks=32767, MaxUdp=65467
LogInit: WinSock: I am DESKTOP-BAIPJ4U (192.168.219.106:0)
LogInit: Build: ++UE4+Release-4.19-CL-4033788
LogInit: Engine Version: 4.19.2-4033788+++UE4+Release-4.19
LogInit: Compatible Engine Version: 4.19.0-3944462+++UE4+Release-4.19
LogInit: Net CL: 3944462
LogDevObjectVersion: Number of dev versions registered: 18
LogDevObjectVersion:   Dev-Blueprints (B0D832E4-1F89-4F0D-ACCF-7EB736FD4AA2): 10
LogDevObjectVersion:   Dev-Build (E1C64328-A22C-4D53-A36C-8E866417BD8C): 0
LogDevObjectVersion:   Dev-Core (375EC13C-06E4-48FB-B500-84F0262A717E): 2
LogDevObjectVersion:   Dev-Editor (E4B068ED-F494-42E9-A231-DA0B2E46BB41): 23
LogDevObjectVersion:   Dev-Framework (CFFC743F-43B0-4480-9391-14DF171D2073): 33
LogDevObjectVersion:   Dev-Mobile (B02B49B5-BB20-44E9-A304-32B752E40360): 2
LogDevObjectVersion:   Dev-Networking (A4E4105C-59A1-49B5-A7C5-40C4547EDFEE): 0
LogDevObjectVersion:   Dev-Online (39C831C9-5AE6-47DC-9A44-9C173E1C8E7C): 0
LogDevObjectVersion:   Dev-Physics (78F01B33-EBEA-4F98-B9B4-84EACCB95AA2): 0
LogDevObjectVersion:   Dev-Platform (6631380F-2D4D-43E0-8009-CF276956A95A): 0
LogDevObjectVersion:   Dev-Rendering (12F88B9F-8875-4AFC-A67C-D90C383ABD29): 25
LogDevObjectVersion:   Dev-Sequencer (7B5AE74C-D270-4C10-A958-57980B212A5A): 6
LogDevObjectVersion:   Dev-VR (D7296918-1DD6-4BDD-9DE2-64A83CC13884): 1
LogDevObjectVersion:   Dev-LoadTimes (C2A15278-BFE7-4AFE-6C17-90FF531DF755): 1
LogDevObjectVersion:   Private-Geometry (6EACA3D4-40EC-4CC1-B786-8BED09428FC5): 2
LogDevObjectVersion:   Dev-AnimPhys (29E575DD-E0A3-4627-9D10-D276232CDCEA): 16
LogDevObjectVersion:   Dev-ReflectionCapture (6B266CEC-1EC7-4B8F-A30B-E4D90942FC07): 1
LogDevObjectVersion:   Dev-Automation (0DF73D61-A23F-47EA-B727-89E90C41499A): 1
LogInit: Compiled (64-bit): Apr 27 2018 02:06:57
LogInit: Compiled with Visual C++: 19.00.24215.01
LogInit: Build Configuration: Development
LogInit: Branch Name: ++UE4+Release-4.19
LogInit: Command Line:  
LogInit: Base Directory: C:/Program Files/Epic Games/UE_4.19/Engine/Binaries/Win64/
LogInit: Installed Engine Build: 1
LogStreaming: Display: Took  0.000s to delete old logs.
LogInit: Presizing for max 8388607 objects, including 0 objects not considered by GC, pre-allocating 0 bytes for permanent pool.
LogInit: Object subsystem initialized
[2018.06.13-13.01.37:985][  0]LogInit: Selected Device Profile: [Windows]
[2018.06.13-13.01.37:985][  0]LogInit: Applying CVar settings loaded from the selected device profile: [Windows]
[2018.06.13-13.01.38:005][  0]LogInit: Computer: DESKTOP-BAIPJ4U
[2018.06.13-13.01.38:005][  0]LogInit: User: 윤은식
[2018.06.13-13.01.38:005][  0]LogInit: CPU Page size=4096, Cores=4
[2018.06.13-13.01.38:005][  0]LogInit: High frequency timer resolution =4.101569 MHz
[2018.06.13-13.01.38:005][  0]LogMemory: Memory total: Physical=31.9GB (32GB approx)
[2018.06.13-13.01.38:005][  0]LogMemory: Platform Memory Stats for Windows
[2018.06.13-13.01.38:005][  0]LogMemory: Process Physical Memory: 276.03 MB used, 276.03 MB peak
[2018.06.13-13.01.38:005][  0]LogMemory: Process Virtual Memory: 264.94 MB used, 264.94 MB peak
[2018.06.13-13.01.38:005][  0]LogMemory: Physical Memory: 10999.19 MB used,  21699.25 MB free, 32698.45 MB total
[2018.06.13-13.01.38:005][  0]LogMemory: Virtual Memory: 4794.63 MB used,  21699.25 MB free, 134217728.00 MB total
[2018.06.13-13.01.38:455][  0]LogInit: Using OS detected language (ko-KR).
[2018.06.13-13.01.38:455][  0]LogInit: Using OS detected locale (ko-KR).
[2018.06.13-13.01.38:490][  0]LogTextLocalizationManager: No specific localization for 'ko-KR' exists, so the 'ko' localization will be used.
[2018.06.13-13.01.38:831][  0]LogStreaming: Display: Took  0.376s to EndInitTextLocalization.
[2018.06.13-13.01.38:832][  0]LogInit: Setting process to per monitor DPI aware
[2018.06.13-13.01.38:931][  0]LogSlate: New Slate User Created.  User Index 0, Is Virtual User: 0
[2018.06.13-13.01.38:931][  0]LogSlate: Slate User Registered.  User Index 0, Is Virtual User: 0
[2018.06.13-13.01.40:729][  0]LogD3D11RHI: D3D11 adapters:
[2018.06.13-13.01.40:811][  0]LogD3D11RHI:    0. 'NVIDIA GeForce GTX 1070 Ti' (Feature Level 11_0)
[2018.06.13-13.01.40:811][  0]LogD3D11RHI:       8080/0/16349 MB DedicatedVideo/DedicatedSystem/SharedSystem, Outputs:2, VendorId:0x10de
[2018.06.13-13.01.40:813][  0]LogD3D11RHI:    1. 'Microsoft Basic Render Driver' (Feature Level 11_0)
[2018.06.13-13.01.40:813][  0]LogD3D11RHI:       0/0/16349 MB DedicatedVideo/DedicatedSystem/SharedSystem, Outputs:0, VendorId:0x1414
[2018.06.13-13.01.40:813][  0]LogD3D11RHI: Chosen D3D11 Adapter: 0
[2018.06.13-13.01.40:824][  0]LogD3D11RHI: Creating new Direct3DDevice
[2018.06.13-13.01.40:824][  0]LogD3D11RHI:     GPU DeviceId: 0x1b82 (for the marketing name, search the web for "GPU Device Id")
[2018.06.13-13.01.40:824][  0]LogWindows: EnumDisplayDevices:
[2018.06.13-13.01.40:824][  0]LogWindows:    0. 'NVIDIA GeForce GTX 1070 Ti' (P:1 D:1)
[2018.06.13-13.01.40:825][  0]LogWindows:    1. 'NVIDIA GeForce GTX 1070 Ti' (P:0 D:1)
[2018.06.13-13.01.40:825][  0]LogWindows:    2. 'NVIDIA GeForce GTX 1070 Ti' (P:0 D:0)
[2018.06.13-13.01.40:826][  0]LogWindows:    3. 'NVIDIA GeForce GTX 1070 Ti' (P:0 D:0)
[2018.06.13-13.01.40:826][  0]LogWindows: DebugString: GetVideoDriverDetailsInvalid PrimaryIsNotTheChoosenAdapter GetVideoDriverDetailsInvalid PrimaryIsNotTheChoosenAdapter GetVideoDriverDetailsInvalid PrimaryIsNotTheChoosenAdapter GetVideoDriverDetailsInvalid PrimaryIsNotTheChoosenAdapter FoundDriverCount:0 
[2018.06.13-13.01.40:826][  0]LogD3D11RHI:     Adapter Name: NVIDIA GeForce GTX 1070 Ti
[2018.06.13-13.01.40:826][  0]LogD3D11RHI:   Driver Version: Unknown (internal:Unknown, unified:Unknown)
[2018.06.13-13.01.40:826][  0]LogD3D11RHI:      Driver Date: Unknown
[2018.06.13-13.01.40:826][  0]LogRHI: Texture pool is 5656 MB (70% of 8080 MB)
[2018.06.13-13.01.40:860][  0]LogD3D11RHI: [Aftermath] Aftermath enabled and primed
[2018.06.13-13.01.40:860][  0]LogD3D11RHI: [Aftermath] Aftermath enabled and primed
[2018.06.13-13.01.40:860][  0]LogD3D11RHI: Async texture creation enabled
[2018.06.13-13.01.40:912][  0]LogD3D11RHI: GPU Timing Frequency: 1000.000000 (Debug: 2 2)
[2018.06.13-13.01.41:015][  0]LogShaderCompilers: Guid format shader working directory is -65 characters bigger than the processId version (../../../../../../Users/윤은식/iCloudDrive/Documents/Google Drive_MAC/MJC/MJC 기말고사/게임개발/RunGame_YoonEunSik/Intermediate/Shaders/WorkingDirectory/15968/).
[2018.06.13-13.01.41:015][  0]LogShaderCompilers: Cleaned the shader compiler working directory 'C:/Users/윤은식/AppData/Local/Temp/UnrealShaderWorkingDir/1A5E5195495F4E078F2182B3B538577F/'.
[2018.06.13-13.01.41:530][  0]LogTemp: Display: Loaded TP AllDesktopTargetPlatform
[2018.06.13-13.01.41:543][  0]LogTemp: Display: Loaded TP MacClientTargetPlatform
[2018.06.13-13.01.41:556][  0]LogTemp: Display: Loaded TP MacNoEditorTargetPlatform
[2018.06.13-13.01.41:568][  0]LogTemp: Display: Loaded TP MacServerTargetPlatform
[2018.06.13-13.01.41:583][  0]LogTemp: Display: Loaded TP MacTargetPlatform
[2018.06.13-13.01.41:593][  0]LogTemp: Display: Loaded TP WindowsClientTargetPlatform
[2018.06.13-13.01.41:615][  0]LogTemp: Display: Loaded TP WindowsNoEditorTargetPlatform
[2018.06.13-13.01.41:625][  0]LogTemp: Display: Loaded TP WindowsServerTargetPlatform
[2018.06.13-13.01.41:631][  0]LogTemp: Display: Loaded TP WindowsTargetPlatform
[2018.06.13-13.01.41:640][  0]LogTemp: Display: Loaded TP Android_ASTCTargetPlatform
[2018.06.13-13.01.41:649][  0]LogTemp: Display: Loaded TP Android_ATCTargetPlatform
[2018.06.13-13.01.41:661][  0]LogTemp: Display: Loaded TP Android_DXTTargetPlatform
[2018.06.13-13.01.41:670][  0]LogTemp: Display: Loaded TP Android_ETC1aTargetPlatform
[2018.06.13-13.01.41:680][  0]LogTemp: Display: Loaded TP Android_ETC1TargetPlatform
[2018.06.13-13.01.41:691][  0]LogTemp: Display: Loaded TP Android_ETC2TargetPlatform
[2018.06.13-13.01.41:711][  0]LogTemp: Display: Loaded TP Android_MultiTargetPlatform
[2018.06.13-13.01.41:711][  0]LogTemp: Display: Loaded TP Android_PVRTCTargetPlatform
[2018.06.13-13.01.41:726][  0]LogTemp: Display: Loaded TP AndroidTargetPlatform
[2018.06.13-13.01.41:727][  0]LogTemp: Display: Loaded TP HTML5TargetPlatform
[2018.06.13-13.01.41:839][  0]LogTemp: Display: Loaded TP IOSTargetPlatform
[2018.06.13-13.01.41:849][  0]LogTemp: Display: Loaded TP TVOSTargetPlatform
[2018.06.13-13.01.41:859][  0]LogTemp: Display: Loaded TP LinuxClientTargetPlatform
[2018.06.13-13.01.41:869][  0]LogTemp: Display: Loaded TP LinuxNoEditorTargetPlatform
[2018.06.13-13.01.41:880][  0]LogTemp: Display: Loaded TP LinuxServerTargetPlatform
[2018.06.13-13.01.41:896][  0]LogTemp: Display: Loaded TP LinuxTargetPlatform
[2018.06.13-13.01.41:897][  0]LogTargetPlatformManager: Display: Building Assets For Windows
[2018.06.13-13.01.42:474][  0]LogXGEController: Cleaning working directory: C:/Users/윤은식/AppData/Local/Temp/UnrealXGEWorkingDir/
[2018.06.13-13.01.42:474][  0]LogXGEController: Cannot use XGE Controller as Incredibuild is not installed on this machine.
[2018.06.13-13.01.42:474][  0]LogShaderCompilers: Cannot use XGE Shader Compiler as Incredibuild is not installed on this machine.
[2018.06.13-13.01.42:474][  0]LogShaderCompilers: Display: Using Local Shader Compiler.
[2018.06.13-13.01.43:914][  0]LogDerivedDataCache: Display: Max Cache Size: 512 MB
[2018.06.13-13.01.44:163][  0]LogDerivedDataCache: Loaded boot cache 0.25s 74MB C:/Users/윤은식/AppData/Local/UnrealEngine/4.19/DerivedDataCache/Boot.ddc.
[2018.06.13-13.01.44:163][  0]LogDerivedDataCache: Display: Loaded Boot cache: C:/Users/윤은식/AppData/Local/UnrealEngine/4.19/DerivedDataCache/Boot.ddc
[2018.06.13-13.01.44:163][  0]LogDerivedDataCache: FDerivedDataBackendGraph:  Pak pak cache file ../../../../../../Users/윤은식/iCloudDrive/Documents/Google Drive_MAC/MJC/MJC 기말고사/게임개발/RunGame_YoonEunSik/DerivedDataCache/DDC.ddp not found, will not use a pak cache.
[2018.06.13-13.01.44:163][  0]LogDerivedDataCache: Unable to find inner node Pak for hierarchical cache Hierarchy.
[2018.06.13-13.01.44:164][  0]LogDerivedDataCache: FDerivedDataBackendGraph:  CompressedPak pak cache file ../../../../../../Users/윤은식/iCloudDrive/Documents/Google Drive_MAC/MJC/MJC 기말고사/게임개발/RunGame_YoonEunSik/DerivedDataCache/Compressed.ddp not found, will not use a pak cache.
[2018.06.13-13.01.44:164][  0]LogDerivedDataCache: Unable to find inner node CompressedPak for hierarchical cache Hierarchy.
[2018.06.13-13.01.44:182][  0]LogDerivedDataCache: Display: Pak cache opened for reading ../../../Engine/DerivedDataCache/Compressed.ddp.
[2018.06.13-13.01.44:194][  0]LogDerivedDataCache: Using Local data cache path C:/Users/윤은식/AppData/Local/UnrealEngine/Common/DerivedDataCache: Writable
[2018.06.13-13.01.44:194][  0]LogDerivedDataCache: Shared data cache path not found in *engine.ini, will not use an Shared cache.
[2018.06.13-13.01.44:194][  0]LogDerivedDataCache: Unable to find inner node Shared for hierarchical cache Hierarchy.
[2018.06.13-13.01.44:205][  0]LogMaterial: Verifying Global Shaders for PCD3D_SM5
[2018.06.13-13.01.44:208][  0]LogSlate: Using Freetype 2.6.0
[2018.06.13-13.01.44:215][  0]LogSlate: SlateFontCache - WITH_FREETYPE: 1, WITH_HARFBUZZ: 1
[2018.06.13-13.01.44:215][  0]LogSlate: SlateFontCache - WITH_FREETYPE: 1, WITH_HARFBUZZ: 1
[2018.06.13-13.01.46:340][  0]LogAssetRegistry: FAssetRegistry took 0.0266 seconds to start up
[2018.06.13-13.01.46:665][  0]LogInit: Selected Device Profile: [Windows]
[2018.06.13-13.01.46:976][  0]LogSimplygon: Simplygon DLL not present - disabling.
[2018.06.13-13.01.46:980][  0]LogMeshReduction: Using SimplygonSwarm for distributed automatic mesh merging
[2018.06.13-13.01.46:981][  0]LogMeshReduction: Using QuadricMeshReduction for automatic static mesh reduction
[2018.06.13-13.01.46:981][  0]LogMeshReduction: No automatic skeletal mesh reduction module available
[2018.06.13-13.01.46:981][  0]LogMeshReduction: No automatic mesh merging module available
[2018.06.13-13.01.46:981][  0]LogMeshMerging: No automatic mesh merging module available
[2018.06.13-13.01.47:046][  0]LogNetVersion: RunGame_YoonEunSik , NetCL: 3944462, EngineNetVer: 2, GameNetVer: 0 (Checksum: 2430932291)
[2018.06.13-13.01.48:002][  0]LogPackageLocalizationCache: Processed 9 localized package path(s) for 2 prioritized culture(s) in 0.097544 seconds
[2018.06.13-13.01.48:007][  0]LogUObjectArray: 36728 objects as part of root set at end of initial load.
[2018.06.13-13.01.48:007][  0]LogUObjectAllocator: 7314304 out of 0 bytes used by permanent object pool.
[2018.06.13-13.01.48:007][  0]LogUObjectArray: CloseDisregardForGC: 0/0 objects in disregard for GC pool
[2018.06.13-13.01.51:923][  0]LogTcpMessaging: Initializing TcpMessaging bridge
[2018.06.13-13.01.51:952][  0]LogUdpMessaging: Initializing bridge on interface 0.0.0.0:0 to multicast group 230.0.0.1:6666.
[2018.06.13-13.01.52:342][  0]SourceControl: 소스 콘트롤이 꺼졌습니다.
[2018.06.13-13.01.52:342][  0]SourceControl: 소스 콘트롤이 꺼졌습니다.
[2018.06.13-13.01.52:364][  0]SourceControl: 소스 콘트롤이 꺼졌습니다.
[2018.06.13-13.01.52:383][  0]SourceControl: 소스 콘트롤이 꺼졌습니다.
[2018.06.13-13.01.52:946][  0]LogAndroidPermission: UAndroidPermissionCallbackProxy::GetInstance
[2018.06.13-13.01.53:229][  0]LogOcInput: OculusInput pre-init called
[2018.06.13-13.01.53:371][  0]LogEngine: Initializing Engine...
[2018.06.13-13.01.53:374][  0]LogHMD: Failed to initialize OpenVR with code 110
[2018.06.13-13.01.53:377][  0]LogStats: UGameplayTagsManager::ConstructGameplayTagTree: Construct from data asset -  0.000 s
[2018.06.13-13.01.53:377][  0]LogStats: UGameplayTagsManager::ConstructGameplayTagTree: GameplayTagTreeChangedEvent.Broadcast -  0.000 s
[2018.06.13-13.01.53:707][  0]LogAIModule: Creating AISystem for world Untitled
[2018.06.13-13.01.53:811][  0]LogInit: XAudio2 using '헤드셋 이어폰(Corsair VOID RGB USB Gaming Headset )' : 6 channels at 48 kHz using 16 bits per sample (channel mask 0x3f)
[2018.06.13-13.01.53:944][  0]LogInit: FAudioDevice initialized.
[2018.06.13-13.01.54:009][  0]LogDerivedDataCache: Saved boot cache 0.06s 74MB C:/Users/윤은식/AppData/Local/UnrealEngine/4.19/DerivedDataCache/Boot.ddc.
[2018.06.13-13.01.54:022][  0]LogInit: Texture streaming: Enabled
[2018.06.13-13.01.54:039][  0]LogEngineSessionManager: EngineSessionManager initialized
[2018.06.13-13.01.54:057][  0]LogInit: Transaction tracking system initialized
[2018.06.13-13.01.54:094][  0]BlueprintLog: New page: 에디터 로드
[2018.06.13-13.01.54:214][  0]LocalizationService: 현지화 서비스가 비활성화되었습니다.
[2018.06.13-13.01.54:339][  0]LogConsoleResponse: Display: 
[2018.06.13-13.01.54:682][  0]LogCook: Display: Max memory allowance for cook 16384mb min free memory 0mb
[2018.06.13-13.01.54:682][  0]LogCook: Display: Mobile HDR setting 1
[2018.06.13-13.01.54:682][  0]LogGameplayTags: Display: UGameplayTagsManager::DoneAddingNativeTags. DelegateIsBound: 0
[2018.06.13-13.01.54:682][  0]LogStats: UGameplayTagsManager::ConstructGameplayTagTree: Construct from data asset -  0.000 s
[2018.06.13-13.01.54:682][  0]LogStats: UGameplayTagsManager::ConstructGameplayTagTree: GameplayTagTreeChangedEvent.Broadcast -  0.000 s
[2018.06.13-13.01.54:709][  0]LogFileCache: Scanning file cache for directory 'C:/Users/윤은식/iCloudDrive/Documents/Google Drive_MAC/MJC/MJC 기말고사/게임개발/RunGame_YoonEunSik/Content/' took 0.02s
[2018.06.13-13.01.55:168][  0]SourceControl: 소스 콘트롤이 꺼졌습니다.
[2018.06.13-13.01.55:171][  0]LightingResults: New page: 라이팅 빌드
[2018.06.13-13.01.55:177][  0]MapCheck: New page: 맵 체크
[2018.06.13-13.01.55:177][  0]LightingResults: New page: 라이팅 빌드
[2018.06.13-13.01.55:238][  0]LogUObjectGlobals: Created PersistentFrame Addr=0x00000261c632e240, Size=64, Default__ThirdPerson_AnimBP_C Function /Game/Mannequin/Animations/ThirdPerson_AnimBP.ThirdPerson_AnimBP_C:ExecuteUbergraph_ThirdPerson_AnimBP
[2018.06.13-13.01.55:248][  0]LogUObjectGlobals: Destroyed PersistentFrame Addr=0x00000261c632e240, Size=64
[2018.06.13-13.01.55:248][  0]LogUObjectGlobals: Created PersistentFrame Addr=0x00000261c632de80, Size=64, Default__ThirdPerson_AnimBP_C Function /Engine/Transient.REINST_ThirdPerson_AnimBP_C_0:ExecuteUbergraph_ThirdPerson_AnimBP
[2018.06.13-13.01.55:256][  0]LogUObjectGlobals: Created PersistentFrame Addr=0x00000261c5bc5210, Size=72, Default__ThirdPerson_AnimBP_C Function /Game/Mannequin/Animations/ThirdPerson_AnimBP.ThirdPerson_AnimBP_C:ExecuteUbergraph_ThirdPerson_AnimBP
[2018.06.13-13.01.55:343][  0]LogUObjectGlobals: Created PersistentFrame Addr=0x00000261c5af5800, Size=272, Default__RunCharacter_C Function /Game/ThirdPersonBP/Blueprints/RunCharacter.RunCharacter_C:ExecuteUbergraph_RunCharacter
[2018.06.13-13.01.55:348][  0]LogUObjectGlobals: Destroyed PersistentFrame Addr=0x00000261c5af5800, Size=272
[2018.06.13-13.01.55:348][  0]LogUObjectGlobals: Created PersistentFrame Addr=0x00000261c5af5800, Size=272, Default__RunCharacter_C Function /Engine/Transient.REINST_RunCharacter_C_4:ExecuteUbergraph_RunCharacter
[2018.06.13-13.01.55:353][  0]LogUObjectGlobals: Created PersistentFrame Addr=0x00000261c57f3b00, Size=272, Default__RunCharacter_C Function /Game/ThirdPersonBP/Blueprints/RunCharacter.RunCharacter_C:ExecuteUbergraph_RunCharacter
[2018.06.13-13.01.55:467][  0]LogUObjectGlobals: Created PersistentFrame Addr=0x00000261c62aafc0, Size=40, Default__ThirdPersonExampleMap_C Function /Game/ThirdPersonBP/Maps/ThirdPersonExampleMap.ThirdPersonExampleMap_C:ExecuteUbergraph_ThirdPersonExampleMap
[2018.06.13-13.01.55:468][  0]LogUObjectGlobals: Destroyed PersistentFrame Addr=0x00000261c62aafc0, Size=40
[2018.06.13-13.01.55:468][  0]LogUObjectGlobals: Created PersistentFrame Addr=0x00000261c62aafc0, Size=40, Default__ThirdPersonExampleMap_C Function /Engine/Transient.REINST_ThirdPersonExampleMap_C_8:ExecuteUbergraph_ThirdPersonExampleMap
[2018.06.13-13.01.55:469][  0]LogUObjectGlobals: Created PersistentFrame Addr=0x00000261c62ab2b8, Size=40, Default__ThirdPersonExampleMap_C Function /Game/ThirdPersonBP/Maps/ThirdPersonExampleMap.ThirdPersonExampleMap_C:ExecuteUbergraph_ThirdPersonExampleMap
[2018.06.13-13.01.55:603][  0]LogSkeletalMesh: Skeletal Mesh found in DDC [12.691241ms] /Game/Mannequin/Character/Mesh/SK_Mannequin.SK_Mannequin
[2018.06.13-13.01.55:698][  0]LogAIModule: Creating AISystem for world ThirdPersonExampleMap
[2018.06.13-13.01.55:721][  0]LogEditorServer: Finished looking for orphan Actors (0.000 secs)
[2018.06.13-13.01.55:734][  0]LogUObjectGlobals: Destroyed PersistentFrame Addr=0x00000261c632de80, Size=64
[2018.06.13-13.01.55:734][  0]LogUObjectGlobals: Destroyed PersistentFrame Addr=0x00000261c5af5800, Size=272
[2018.06.13-13.01.55:734][  0]LogUObjectGlobals: Destroyed PersistentFrame Addr=0x00000261c62aafc0, Size=40
[2018.06.13-13.01.55:736][  0]Cmd: MAP CHECKDEP NOCLEARLOG
[2018.06.13-13.01.55:802][  0]MapCheck: 맵 체크 완료: 오류 0 회, 경고 0 회, 소요 시간 65.645ms.
[2018.06.13-13.01.55:802][  0]LogFileHelpers: Loading map 'ThirdPersonExampleMap' took 0.633
[2018.06.13-13.01.56:004][  0]LogCollectionManager: Loaded 0 collections in 0.001593 seconds
[2018.06.13-13.01.56:064][  0]LogFileCache: Scanning file cache for directory 'C:/Users/윤은식/iCloudDrive/Documents/Google Drive_MAC/MJC/MJC 기말고사/게임개발/RunGame_YoonEunSik/Saved/Collections/' took 0.01s
[2018.06.13-13.01.56:064][  0]LogFileCache: Scanning file cache for directory 'C:/Users/윤은식/iCloudDrive/Documents/Google Drive_MAC/MJC/MJC 기말고사/게임개발/RunGame_YoonEunSik/Content/Developers/윤은식/Collections/' took 0.01s
[2018.06.13-13.01.56:064][  0]LogFileCache: Scanning file cache for directory 'C:/Users/윤은식/iCloudDrive/Documents/Google Drive_MAC/MJC/MJC 기말고사/게임개발/RunGame_YoonEunSik/Content/Collections/' took 0.01s
[2018.06.13-13.01.56:064][  0]LogCollectionManager: Rebuilt the GUID cache for 0 collections in 0.000000 seconds
[2018.06.13-13.01.56:072][  0]LogContentBrowser: Native class hierarchy populated in 0.0065 seconds. Added 2452 classes and 558 folders.
[2018.06.13-13.01.56:079][  0]LogContentBrowser: Native class hierarchy updated for 'WidgetCarousel' in 0.0002 seconds. Added 0 classes and 0 folders.
[2018.06.13-13.01.56:390][  0]LogContentBrowser: Native class hierarchy updated for 'AddContentDialog' in 0.0002 seconds. Added 0 classes and 0 folders.
[2018.06.13-13.01.56:399][  0]LogContentBrowser: Native class hierarchy updated for 'SceneOutliner' in 0.0002 seconds. Added 1 classes and 2 folders.
[2018.06.13-13.01.56:445][  0]LogSlate: Took 0.006736 seconds to synchronously load lazily loaded font '../../../Engine/Content/Slate/Fonts/Roboto-Regular.ttf' (155K)
[2018.06.13-13.01.56:462][  0]LogSlate: Took 0.016906 seconds to synchronously load lazily loaded font '../../../Engine/Content/Editor/Slate/Fonts/NanumGothic.ttf' (4243K)
[2018.06.13-13.01.56:479][  0]LogSlate: Took 0.015678 seconds to synchronously load lazily loaded font '../../../Engine/Content/Editor/Slate/Fonts/NanumGothicBold.ttf' (4188K)
[2018.06.13-13.01.56:483][  0]LogSlate: Took 0.004016 seconds to synchronously load lazily loaded font '../../../Engine/Content/Slate/Fonts/Roboto-Bold.ttf' (160K)
[2018.06.13-13.01.56:491][  0]LogSlate: Took 0.004304 seconds to synchronously load lazily loaded font '../../../Engine/Content/Editor/Slate/Fonts/FontAwesome.ttf' (139K)
[2018.06.13-13.01.56:658][  0]LogRenderer: Reallocating scene render targets to support 1208x576 Format 10 NumSamples 1 (Frame:1).
[2018.06.13-13.01.56:816][  0]LogContentBrowser: Native class hierarchy updated for 'HierarchicalLODOutliner' in 0.0002 seconds. Added 0 classes and 0 folders.
[2018.06.13-13.01.56:816][  0]LogLoad: (Engine Initialization) Total time: 23.87 seconds
[2018.06.13-13.01.56:816][  0]LogLoad: (Engine Initialization) Total Blueprint compile time: 0.00 seconds
[2018.06.13-13.01.56:828][  0]LogWindowsTextInputMethodSystem: Display: IME system now activated using TSF (Microsoft 입력기).
[2018.06.13-13.01.56:845][  0]LogAssetRegistry: Asset discovery search completed in 10.5279 seconds
[2018.06.13-13.01.56:847][  0]LogCollectionManager: Rebuilt the object cache for 0 collections in 0.000000 seconds (found 0 objects)
[2018.06.13-13.01.56:847][  0]LogCollectionManager: Fixed up redirectors for 0 collections in 0.000062 seconds (updated 0 objects)
[2018.06.13-13.01.56:850][  0]LogContentStreaming: Texture pool size now 1000 MB
[2018.06.13-13.01.56:901][  0]LogSlate: Took 0.004204 seconds to synchronously load lazily loaded font '../../../Engine/Content/Slate/Fonts/Roboto-Light.ttf' (167K)
[2018.06.13-13.01.57:857][108]LogSlate: Took 0.000197 seconds to synchronously load lazily loaded font '../../../Engine/Content/Slate/Fonts/Roboto-Light.ttf' (167K)
[2018.06.13-13.02.02:593][674]LogSlate: FSceneViewport::OnFocusLost() reason 0
[2018.06.13-13.02.02:939][683]LogContentBrowser: Native class hierarchy updated for 'BlueprintGraph' in 0.0004 seconds. Added 116 classes and 0 folders.
[2018.06.13-13.02.03:162][683]LogUObjectGlobals: Created PersistentFrame Addr=0x0000026180a55cb8, Size=4, Default__SKEL_PROTO_BP_AnimBlueprint_0_C Function /Engine/Transient.SKEL_PROTO_BP_AnimBlueprint_0_C:ExecuteUbergraph_PROTO_BP_AnimBlueprint_0
[2018.06.13-13.02.03:163][683]LogUObjectGlobals: Created PersistentFrame Addr=0x0000026180a55c80, Size=4, Default__PROTO_BP_AnimBlueprint_0_C Function /Engine/Transient.PROTO_BP_AnimBlueprint_0_C:ExecuteUbergraph_PROTO_BP_AnimBlueprint_0
[2018.06.13-13.02.03:599][683]LogUObjectGlobals: Created PersistentFrame Addr=0x00000261ca288c60, Size=208, Default__BP_Blocker_C Function /Game/ThirdPersonBP/Blueprints/BP_Blocker.BP_Blocker_C:ExecuteUbergraph_BP_Blocker
[2018.06.13-13.02.03:601][683]LogUObjectGlobals: Destroyed PersistentFrame Addr=0x00000261ca288c60, Size=208
[2018.06.13-13.02.03:601][683]LogUObjectGlobals: Created PersistentFrame Addr=0x00000261ca288c60, Size=208, Default__BP_Blocker_C Function /Engine/Transient.REINST_BP_Blocker_C_22:ExecuteUbergraph_BP_Blocker
[2018.06.13-13.02.03:602][683]LogUObjectGlobals: Created PersistentFrame Addr=0x000002618d7bf900, Size=208, Default__BP_Blocker_C Function /Game/ThirdPersonBP/Blueprints/BP_Blocker.BP_Blocker_C:ExecuteUbergraph_BP_Blocker
[2018.06.13-13.02.03:642][683]LogUObjectGlobals: Created PersistentFrame Addr=0x000002618d7be320, Size=216, Default__BP_Item_C Function /Game/ThirdPersonBP/Blueprints/BP_Item.BP_Item_C:ExecuteUbergraph_BP_Item
[2018.06.13-13.02.03:645][683]LogUObjectGlobals: Destroyed PersistentFrame Addr=0x000002618d7be320, Size=216
[2018.06.13-13.02.03:645][683]LogUObjectGlobals: Created PersistentFrame Addr=0x000002618d7be320, Size=216, Default__BP_Item_C Function /Engine/Transient.REINST_BP_Item_C_24:ExecuteUbergraph_BP_Item
[2018.06.13-13.02.03:646][683]LogUObjectGlobals: Created PersistentFrame Addr=0x000002618d7bcd40, Size=216, Default__BP_Item_C Function /Game/ThirdPersonBP/Blueprints/BP_Item.BP_Item_C:ExecuteUbergraph_BP_Item
[2018.06.13-13.02.03:647][683]LogUObjectGlobals: Created PersistentFrame Addr=0x000002618e3efe00, Size=32, Default__RunGameMode_C Function /Game/ThirdPersonBP/Blueprints/RunGameMode.RunGameMode_C:ExecuteUbergraph_RunGameMode
[2018.06.13-13.02.03:649][683]LogUObjectGlobals: Created PersistentFrame Addr=0x000002618e3d7000, Size=912, Default__BP_FloorTile_C Function /Game/ThirdPersonBP/Blueprints/BP_FloorTile.BP_FloorTile_C:ExecuteUbergraph_BP_FloorTile
[2018.06.13-13.02.03:700][683]LogUObjectGlobals: Created PersistentFrame Addr=0x000002618e3d1a60, Size=200, Default__BP_FloorTile_LeftCorner_C Function /Game/ThirdPersonBP/Blueprints/BP_FloorTile_LeftCorner.BP_FloorTile_LeftCorner_C:ExecuteUbergraph_BP_FloorTile_LeftCorner
[2018.06.13-13.02.03:700][683]LogUObjectGlobals: Created PersistentFrame Addr=0x000002618e3d5800, Size=912, Default__BP_FloorTile_LeftCorner_C Function /Game/ThirdPersonBP/Blueprints/BP_FloorTile.BP_FloorTile_C:ExecuteUbergraph_BP_FloorTile
[2018.06.13-13.02.03:705][683]LogUObjectGlobals: Created PersistentFrame Addr=0x000002618e3d4800, Size=912, Default__BP_FloorTile_RampDown_C Function /Game/ThirdPersonBP/Blueprints/BP_FloorTile.BP_FloorTile_C:ExecuteUbergraph_BP_FloorTile
[2018.06.13-13.02.03:709][683]LogUObjectGlobals: Created PersistentFrame Addr=0x000002618e33bc00, Size=912, Default__BP_FloorTile_RampUp_C Function /Game/ThirdPersonBP/Blueprints/BP_FloorTile.BP_FloorTile_C:ExecuteUbergraph_BP_FloorTile
[2018.06.13-13.02.03:712][683]LogUObjectGlobals: Created PersistentFrame Addr=0x000002618e3d0560, Size=200, Default__BP_FloorTile_RightCorner_C Function /Game/ThirdPersonBP/Blueprints/BP_FloorTile_RightCorner.BP_FloorTile_RightCorner_C:ExecuteUbergraph_BP_FloorTile_RightCorner
[2018.06.13-13.02.03:712][683]LogUObjectGlobals: Created PersistentFrame Addr=0x000002618e33b400, Size=912, Default__BP_FloorTile_RightCorner_C Function /Game/ThirdPersonBP/Blueprints/BP_FloorTile.BP_FloorTile_C:ExecuteUbergraph_BP_FloorTile
[2018.06.13-13.02.03:728][683]LogUObjectGlobals: Destroyed PersistentFrame Addr=0x000002618e3d7000, Size=912
[2018.06.13-13.02.03:728][683]LogUObjectGlobals: Created PersistentFrame Addr=0x000002618e339000, Size=912, Default__BP_FloorTile_C Function /Engine/Transient.REINST_BP_FloorTile_C_26:ExecuteUbergraph_BP_FloorTile
[2018.06.13-13.02.03:729][683]LogUObjectGlobals: Destroyed PersistentFrame Addr=0x000002618e3d1a60, Size=200
[2018.06.13-13.02.03:729][683]LogUObjectGlobals: Destroyed PersistentFrame Addr=0x000002618e3d5800, Size=912
[2018.06.13-13.02.03:729][683]LogUObjectGlobals: Created PersistentFrame Addr=0x000002618e2a6b00, Size=200, Default__BP_FloorTile_LeftCorner_C Function /Engine/Transient.REINST_BP_FloorTile_LeftCorner_C_27:ExecuteUbergraph_BP_FloorTile_LeftCorner
[2018.06.13-13.02.03:729][683]LogUObjectGlobals: Created PersistentFrame Addr=0x000002618e338c00, Size=912, Default__BP_FloorTile_LeftCorner_C Function /Engine/Transient.REINST_BP_FloorTile_C_26:ExecuteUbergraph_BP_FloorTile
[2018.06.13-13.02.03:729][683]LogUObjectGlobals: Destroyed PersistentFrame Addr=0x000002618e3d4800, Size=912
[2018.06.13-13.02.03:729][683]LogUObjectGlobals: Created PersistentFrame Addr=0x000002618e338800, Size=912, Default__BP_FloorTile_RampDown_C Function /Engine/Transient.REINST_BP_FloorTile_C_26:ExecuteUbergraph_BP_FloorTile
[2018.06.13-13.02.03:729][683]LogUObjectGlobals: Destroyed PersistentFrame Addr=0x000002618e33bc00, Size=912
[2018.06.13-13.02.03:729][683]LogUObjectGlobals: Created PersistentFrame Addr=0x000002618e33bc00, Size=912, Default__BP_FloorTile_RampUp_C Function /Engine/Transient.REINST_BP_FloorTile_C_26:ExecuteUbergraph_BP_FloorTile
[2018.06.13-13.02.03:729][683]LogUObjectGlobals: Destroyed PersistentFrame Addr=0x000002618e3d0560, Size=200
[2018.06.13-13.02.03:729][683]LogUObjectGlobals: Destroyed PersistentFrame Addr=0x000002618e33b400, Size=912
[2018.06.13-13.02.03:729][683]LogUObjectGlobals: Created PersistentFrame Addr=0x000002618e2a6080, Size=200, Default__BP_FloorTile_RightCorner_C Function /Engine/Transient.REINST_BP_FloorTile_RightCorner_C_30:ExecuteUbergraph_BP_FloorTile_RightCorner
[2018.06.13-13.02.03:729][683]LogUObjectGlobals: Created PersistentFrame Addr=0x000002618e33b400, Size=912, Default__BP_FloorTile_RightCorner_C Function /Engine/Transient.REINST_BP_FloorTile_C_26:ExecuteUbergraph_BP_FloorTile
[2018.06.13-13.02.03:730][683]LogUObjectGlobals: Destroyed PersistentFrame Addr=0x000002618e3efe00, Size=32
[2018.06.13-13.02.03:730][683]LogUObjectGlobals: Created PersistentFrame Addr=0x000002618e310900, Size=32, Default__RunGameMode_C Function /Engine/Transient.REINST_RunGameMode_C_31:ExecuteUbergraph_RunGameMode
[2018.06.13-13.02.03:741][683]LogUObjectGlobals: Created PersistentFrame Addr=0x000002618e3d7000, Size=912, Default__BP_FloorTile_C Function /Game/ThirdPersonBP/Blueprints/BP_FloorTile.BP_FloorTile_C:ExecuteUbergraph_BP_FloorTile
[2018.06.13-13.02.03:741][683]LogUObjectGlobals: Created PersistentFrame Addr=0x000002618e1bb2e0, Size=200, Default__BP_FloorTile_LeftCorner_C Function /Game/ThirdPersonBP/Blueprints/BP_FloorTile_LeftCorner.BP_FloorTile_LeftCorner_C:ExecuteUbergraph_BP_FloorTile_LeftCorner
[2018.06.13-13.02.03:741][683]LogUObjectGlobals: Created PersistentFrame Addr=0x000002618dfeac00, Size=912, Default__BP_FloorTile_LeftCorner_C Function /Game/ThirdPersonBP/Blueprints/BP_FloorTile.BP_FloorTile_C:ExecuteUbergraph_BP_FloorTile
[2018.06.13-13.02.03:742][683]LogUObjectGlobals: Created PersistentFrame Addr=0x000002618dfea800, Size=912, Default__BP_FloorTile_RampDown_C Function /Game/ThirdPersonBP/Blueprints/BP_FloorTile.BP_FloorTile_C:ExecuteUbergraph_BP_FloorTile
[2018.06.13-13.02.03:742][683]LogUObjectGlobals: Created PersistentFrame Addr=0x000002618dfea400, Size=912, Default__BP_FloorTile_RampUp_C Function /Game/ThirdPersonBP/Blueprints/BP_FloorTile.BP_FloorTile_C:ExecuteUbergraph_BP_FloorTile
[2018.06.13-13.02.03:742][683]LogUObjectGlobals: Created PersistentFrame Addr=0x000002618e1baf60, Size=200, Default__BP_FloorTile_RightCorner_C Function /Game/ThirdPersonBP/Blueprints/BP_FloorTile_RightCorner.BP_FloorTile_RightCorner_C:ExecuteUbergraph_BP_FloorTile_RightCorner
[2018.06.13-13.02.03:742][683]LogUObjectGlobals: Created PersistentFrame Addr=0x000002618dfea000, Size=912, Default__BP_FloorTile_RightCorner_C Function /Game/ThirdPersonBP/Blueprints/BP_FloorTile.BP_FloorTile_C:ExecuteUbergraph_BP_FloorTile
[2018.06.13-13.02.03:743][683]LogUObjectGlobals: Created PersistentFrame Addr=0x000002618e1f0360, Size=32, Default__RunGameMode_C Function /Game/ThirdPersonBP/Blueprints/RunGameMode.RunGameMode_C:ExecuteUbergraph_RunGameMode
[2018.06.13-13.02.05:481][683]LogSlate: Took 0.004676 seconds to synchronously load lazily loaded font '../../../Engine/Content/Slate/Fonts/Roboto-BoldCondensed.ttf' (158K)
[2018.06.13-13.02.05:760][684]LogSlate: Took 0.003481 seconds to synchronously load lazily loaded font '../../../Engine/Content/Slate/Fonts/Roboto-Italic.ttf' (157K)
[2018.06.13-13.02.17:600][763]LogSlate: Window 'BP_FloorTile_LeftCorner' being destroyed
